<?xml version="1.0" encoding="UTF-8"?>
<!-- Generated by org.testng.reporters.JUnitReportReporter -->
<testsuite hostname="DESKTOP-1BLQNNT" failures="0" tests="1" name="testCases.BookFlight" time="3.522" errors="0" timestamp="2021-09-23T03:12:05 IST" skipped="0">
  <testcase classname="testCases.BookFlight" name="bookFlightTicketUsingVisaCard" time="3.522"/>
  <system-out/>
</testsuite> <!-- testCases.BookFlight -->
